<?xml version="1.0" encoding="UTF-8"?>
<testsuite xmlns:xsi="http://www.w3.org/2001/XMLSchema-instance" xsi:noNamespaceSchemaLocation="https://maven.apache.org/surefire/maven-surefire-plugin/xsd/surefire-test-report.xsd" name="com.jordy.gateway.zone.AppTest" time="0.542" tests="4" errors="0" skipped="0" failures="0">
  <properties>
[...]
</properties>
  <testcase name="shouldAnswerWithTrue" classname="com.jordy.gateway.zone.AppTest" time="0.013"/>
  <testcase name="shouldReturnValidDenmEventXml" classname="com.jordy.gateway.zone.AppTest" time="0.16"/>
  <testcase name="shouldReturnValidAlerteEventXML" classname="com.jordy.gateway.zone.AppTest" time="0.008"/>
  <testcase name="shouldReturnValidPositionXml" classname="com.jordy.gateway.zone.AppTest" time="0.001"/>
</testsuite>